[2022-05-29 15:46:24] local.ERROR: syntax error, unexpected token "<", expecting end of file {"exception":"[object] (ParseError(code: 0): syntax error, unexpected token \"<\", expecting end of file at /Users/isra/Documents/dev/php/trialapp/routes/web.php:3)
[stacktrace]
#0 /Users/isra/Documents/dev/php/trialapp/vendor/laravel/framework/src/Illuminate/Routing/Router.php(430): Illuminate\\Routing\\RouteFileRegistrar->register('/Users/isra/Doc...')
#1 /Users/isra/Documents/dev/php/trialapp/vendor/laravel/framework/src/Illuminate/Routing/Router.php(386): Illuminate\\Routing\\Router->loadRoutes('/Users/isra/Doc...')
#2 /Users/isra/Documents/dev/php/trialapp/vendor/laravel/framework/src/Illuminate/Routing/RouteRegistrar.php(163): Illuminate\\Routing\\Router->group(Array, '/Users/isra/Doc...')
#3 /Users/isra/Documents/dev/php/trialapp/app/Providers/RouteServiceProvider.php(37): Illuminate\\Routing\\RouteRegistrar->group('/Users/isra/Doc...')
#4 /Users/isra/Documents/dev/php/trialapp/vendor/laravel/framework/src/Illuminate/Container/BoundMethod.php(36): App\\Providers\\RouteServiceProvider->App\\Providers\\{closure}()
#5 /Users/isra/Documents/dev/php/trialapp/vendor/laravel/framework/src/Illuminate/Container/Util.php(41): Illuminate\\Container\\BoundMethod::Illuminate\\Container\\{closure}()
#6 /Users/isra/Documents/dev/php/trialapp/vendor/laravel/framework/src/Illuminate/Container/BoundMethod.php(81): Illuminate\\Container\\Util::unwrapIfClosure(Object(Closure))
#7 /Users/isra/Documents/dev/php/trialapp/vendor/laravel/framework/src/Illuminate/Container/BoundMethod.php(37): Illuminate\\Container\\BoundMethod::callBoundMethod(Object(Illuminate\\Foundation\\Application), Object(Closure), Object(Closure))
#8 /Users/isra/Documents/dev/php/trialapp/vendor/laravel/framework/src/Illuminate/Container/Container.php(653): Illuminate\\Container\\BoundMethod::call(Object(Illuminate\\Foundation\\Application), Object(Closure), Array, NULL)
#9 /Users/isra/Documents/dev/php/trialapp/vendor/laravel/framework/src/Illuminate/Foundation/Support/Providers/RouteServiceProvider.php(120): Illuminate\\Container\\Container->call(Object(Closure))
#10 /Users/isra/Documents/dev/php/trialapp/vendor/laravel/framework/src/Illuminate/Foundation/Support/Providers/RouteServiceProvider.php(45): Illuminate\\Foundation\\Support\\Providers\\RouteServiceProvider->loadRoutes()
#11 /Users/isra/Documents/dev/php/trialapp/vendor/laravel/framework/src/Illuminate/Container/BoundMethod.php(36): Illuminate\\Foundation\\Support\\Providers\\RouteServiceProvider->Illuminate\\Foundation\\Support\\Providers\\{closure}()
#12 /Users/isra/Documents/dev/php/trialapp/vendor/laravel/framework/src/Illuminate/Container/Util.php(41): Illuminate\\Container\\BoundMethod::Illuminate\\Container\\{closure}()
#13 /Users/isra/Documents/dev/php/trialapp/vendor/laravel/framework/src/Illuminate/Container/BoundMethod.php(81): Illuminate\\Container\\Util::unwrapIfClosure(Object(Closure))
#14 /Users/isra/Documents/dev/php/trialapp/vendor/laravel/framework/src/Illuminate/Container/BoundMethod.php(37): Illuminate\\Container\\BoundMethod::callBoundMethod(Object(Illuminate\\Foundation\\Application), Object(Closure), Object(Closure))
#15 /Users/isra/Documents/dev/php/trialapp/vendor/laravel/framework/src/Illuminate/Container/Container.php(653): Illuminate\\Container\\BoundMethod::call(Object(Illuminate\\Foundation\\Application), Object(Closure), Array, NULL)
#16 /Users/isra/Documents/dev/php/trialapp/vendor/laravel/framework/src/Illuminate/Support/ServiceProvider.php(119): Illuminate\\Container\\Container->call(Object(Closure))
#17 /Users/isra/Documents/dev/php/trialapp/vendor/laravel/framework/src/Illuminate/Foundation/Application.php(931): Illuminate\\Support\\ServiceProvider->callBootedCallbacks()
#18 /Users/isra/Documents/dev/php/trialapp/vendor/laravel/framework/src/Illuminate/Foundation/Application.php(909): Illuminate\\Foundation\\Application->bootProvider(Object(App\\Providers\\RouteServiceProvider))
#19 [internal function]: Illuminate\\Foundation\\Application->Illuminate\\Foundation\\{closure}(Object(App\\Providers\\RouteServiceProvider), 22)
#20 /Users/isra/Documents/dev/php/trialapp/vendor/laravel/framework/src/Illuminate/Foundation/Application.php(910): array_walk(Array, Object(Closure))
#21 /Users/isra/Documents/dev/php/trialapp/vendor/laravel/framework/src/Illuminate/Foundation/Bootstrap/BootProviders.php(17): Illuminate\\Foundation\\Application->boot()
#22 /Users/isra/Documents/dev/php/trialapp/vendor/laravel/framework/src/Illuminate/Foundation/Application.php(239): Illuminate\\Foundation\\Bootstrap\\BootProviders->bootstrap(Object(Illuminate\\Foundation\\Application))
#23 /Users/isra/Documents/dev/php/trialapp/vendor/laravel/framework/src/Illuminate/Foundation/Console/Kernel.php(310): Illuminate\\Foundation\\Application->bootstrapWith(Array)
#24 /Users/isra/Documents/dev/php/trialapp/vendor/laravel/framework/src/Illuminate/Foundation/Console/Kernel.php(127): Illuminate\\Foundation\\Console\\Kernel->bootstrap()
#25 /Users/isra/Documents/dev/php/trialapp/artisan(37): Illuminate\\Foundation\\Console\\Kernel->handle(Object(Symfony\\Component\\Console\\Input\\ArgvInput), Object(Symfony\\Component\\Console\\Output\\ConsoleOutput))
#26 {main}
"} 
[2022-05-29 15:46:50] local.ERROR: syntax error, unexpected token "<", expecting end of file {"exception":"[object] (ParseError(code: 0): syntax error, unexpected token \"<\", expecting end of file at /Users/isra/Documents/dev/php/trialapp/routes/web.php:3)
[stacktrace]
#0 /Users/isra/Documents/dev/php/trialapp/vendor/laravel/framework/src/Illuminate/Routing/Router.php(430): Illuminate\\Routing\\RouteFileRegistrar->register('/Users/isra/Doc...')
#1 /Users/isra/Documents/dev/php/trialapp/vendor/laravel/framework/src/Illuminate/Routing/Router.php(386): Illuminate\\Routing\\Router->loadRoutes('/Users/isra/Doc...')
#2 /Users/isra/Documents/dev/php/trialapp/vendor/laravel/framework/src/Illuminate/Routing/RouteRegistrar.php(163): Illuminate\\Routing\\Router->group(Array, '/Users/isra/Doc...')
#3 /Users/isra/Documents/dev/php/trialapp/app/Providers/RouteServiceProvider.php(37): Illuminate\\Routing\\RouteRegistrar->group('/Users/isra/Doc...')
#4 /Users/isra/Documents/dev/php/trialapp/vendor/laravel/framework/src/Illuminate/Container/BoundMethod.php(36): App\\Providers\\RouteServiceProvider->App\\Providers\\{closure}()
#5 /Users/isra/Documents/dev/php/trialapp/vendor/laravel/framework/src/Illuminate/Container/Util.php(41): Illuminate\\Container\\BoundMethod::Illuminate\\Container\\{closure}()
#6 /Users/isra/Documents/dev/php/trialapp/vendor/laravel/framework/src/Illuminate/Container/BoundMethod.php(81): Illuminate\\Container\\Util::unwrapIfClosure(Object(Closure))
#7 /Users/isra/Documents/dev/php/trialapp/vendor/laravel/framework/src/Illuminate/Container/BoundMethod.php(37): Illuminate\\Container\\BoundMethod::callBoundMethod(Object(Illuminate\\Foundation\\Application), Object(Closure), Object(Closure))
#8 /Users/isra/Documents/dev/php/trialapp/vendor/laravel/framework/src/Illuminate/Container/Container.php(653): Illuminate\\Container\\BoundMethod::call(Object(Illuminate\\Foundation\\Application), Object(Closure), Array, NULL)
#9 /Users/isra/Documents/dev/php/trialapp/vendor/laravel/framework/src/Illuminate/Foundation/Support/Providers/RouteServiceProvider.php(120): Illuminate\\Container\\Container->call(Object(Closure))
#10 /Users/isra/Documents/dev/php/trialapp/vendor/laravel/framework/src/Illuminate/Foundation/Support/Providers/RouteServiceProvider.php(45): Illuminate\\Foundation\\Support\\Providers\\RouteServiceProvider->loadRoutes()
#11 /Users/isra/Documents/dev/php/trialapp/vendor/laravel/framework/src/Illuminate/Container/BoundMethod.php(36): Illuminate\\Foundation\\Support\\Providers\\RouteServiceProvider->Illuminate\\Foundation\\Support\\Providers\\{closure}()
#12 /Users/isra/Documents/dev/php/trialapp/vendor/laravel/framework/src/Illuminate/Container/Util.php(41): Illuminate\\Container\\BoundMethod::Illuminate\\Container\\{closure}()
#13 /Users/isra/Documents/dev/php/trialapp/vendor/laravel/framework/src/Illuminate/Container/BoundMethod.php(81): Illuminate\\Container\\Util::unwrapIfClosure(Object(Closure))
#14 /Users/isra/Documents/dev/php/trialapp/vendor/laravel/framework/src/Illuminate/Container/BoundMethod.php(37): Illuminate\\Container\\BoundMethod::callBoundMethod(Object(Illuminate\\Foundation\\Application), Object(Closure), Object(Closure))
#15 /Users/isra/Documents/dev/php/trialapp/vendor/laravel/framework/src/Illuminate/Container/Container.php(653): Illuminate\\Container\\BoundMethod::call(Object(Illuminate\\Foundation\\Application), Object(Closure), Array, NULL)
#16 /Users/isra/Documents/dev/php/trialapp/vendor/laravel/framework/src/Illuminate/Support/ServiceProvider.php(119): Illuminate\\Container\\Container->call(Object(Closure))
#17 /Users/isra/Documents/dev/php/trialapp/vendor/laravel/framework/src/Illuminate/Foundation/Application.php(931): Illuminate\\Support\\ServiceProvider->callBootedCallbacks()
#18 /Users/isra/Documents/dev/php/trialapp/vendor/laravel/framework/src/Illuminate/Foundation/Application.php(909): Illuminate\\Foundation\\Application->bootProvider(Object(App\\Providers\\RouteServiceProvider))
#19 [internal function]: Illuminate\\Foundation\\Application->Illuminate\\Foundation\\{closure}(Object(App\\Providers\\RouteServiceProvider), 22)
#20 /Users/isra/Documents/dev/php/trialapp/vendor/laravel/framework/src/Illuminate/Foundation/Application.php(910): array_walk(Array, Object(Closure))
#21 /Users/isra/Documents/dev/php/trialapp/vendor/laravel/framework/src/Illuminate/Foundation/Bootstrap/BootProviders.php(17): Illuminate\\Foundation\\Application->boot()
#22 /Users/isra/Documents/dev/php/trialapp/vendor/laravel/framework/src/Illuminate/Foundation/Application.php(239): Illuminate\\Foundation\\Bootstrap\\BootProviders->bootstrap(Object(Illuminate\\Foundation\\Application))
#23 /Users/isra/Documents/dev/php/trialapp/vendor/laravel/framework/src/Illuminate/Foundation/Console/Kernel.php(310): Illuminate\\Foundation\\Application->bootstrapWith(Array)
#24 /Users/isra/Documents/dev/php/trialapp/vendor/laravel/framework/src/Illuminate/Foundation/Console/Kernel.php(127): Illuminate\\Foundation\\Console\\Kernel->bootstrap()
#25 /Users/isra/Documents/dev/php/trialapp/artisan(37): Illuminate\\Foundation\\Console\\Kernel->handle(Object(Symfony\\Component\\Console\\Input\\ArgvInput), Object(Symfony\\Component\\Console\\Output\\ConsoleOutput))
#26 {main}
"} 
[2022-05-29 15:57:12] local.ERROR: syntax error, unexpected token "<", expecting end of file {"exception":"[object] (ParseError(code: 0): syntax error, unexpected token \"<\", expecting end of file at /Users/isra/Documents/dev/php/trialapp/routes/web.php:3)
[stacktrace]
#0 /Users/isra/Documents/dev/php/trialapp/vendor/laravel/framework/src/Illuminate/Routing/Router.php(430): Illuminate\\Routing\\RouteFileRegistrar->register('/Users/isra/Doc...')
#1 /Users/isra/Documents/dev/php/trialapp/vendor/laravel/framework/src/Illuminate/Routing/Router.php(386): Illuminate\\Routing\\Router->loadRoutes('/Users/isra/Doc...')
#2 /Users/isra/Documents/dev/php/trialapp/vendor/laravel/framework/src/Illuminate/Routing/RouteRegistrar.php(163): Illuminate\\Routing\\Router->group(Array, '/Users/isra/Doc...')
#3 /Users/isra/Documents/dev/php/trialapp/app/Providers/RouteServiceProvider.php(37): Illuminate\\Routing\\RouteRegistrar->group('/Users/isra/Doc...')
#4 /Users/isra/Documents/dev/php/trialapp/vendor/laravel/framework/src/Illuminate/Container/BoundMethod.php(36): App\\Providers\\RouteServiceProvider->App\\Providers\\{closure}()
#5 /Users/isra/Documents/dev/php/trialapp/vendor/laravel/framework/src/Illuminate/Container/Util.php(41): Illuminate\\Container\\BoundMethod::Illuminate\\Container\\{closure}()
#6 /Users/isra/Documents/dev/php/trialapp/vendor/laravel/framework/src/Illuminate/Container/BoundMethod.php(81): Illuminate\\Container\\Util::unwrapIfClosure(Object(Closure))
#7 /Users/isra/Documents/dev/php/trialapp/vendor/laravel/framework/src/Illuminate/Container/BoundMethod.php(37): Illuminate\\Container\\BoundMethod::callBoundMethod(Object(Illuminate\\Foundation\\Application), Object(Closure), Object(Closure))
#8 /Users/isra/Documents/dev/php/trialapp/vendor/laravel/framework/src/Illuminate/Container/Container.php(653): Illuminate\\Container\\BoundMethod::call(Object(Illuminate\\Foundation\\Application), Object(Closure), Array, NULL)
#9 /Users/isra/Documents/dev/php/trialapp/vendor/laravel/framework/src/Illuminate/Foundation/Support/Providers/RouteServiceProvider.php(120): Illuminate\\Container\\Container->call(Object(Closure))
#10 /Users/isra/Documents/dev/php/trialapp/vendor/laravel/framework/src/Illuminate/Foundation/Support/Providers/RouteServiceProvider.php(45): Illuminate\\Foundation\\Support\\Providers\\RouteServiceProvider->loadRoutes()
#11 /Users/isra/Documents/dev/php/trialapp/vendor/laravel/framework/src/Illuminate/Container/BoundMethod.php(36): Illuminate\\Foundation\\Support\\Providers\\RouteServiceProvider->Illuminate\\Foundation\\Support\\Providers\\{closure}()
#12 /Users/isra/Documents/dev/php/trialapp/vendor/laravel/framework/src/Illuminate/Container/Util.php(41): Illuminate\\Container\\BoundMethod::Illuminate\\Container\\{closure}()
#13 /Users/isra/Documents/dev/php/trialapp/vendor/laravel/framework/src/Illuminate/Container/BoundMethod.php(81): Illuminate\\Container\\Util::unwrapIfClosure(Object(Closure))
#14 /Users/isra/Documents/dev/php/trialapp/vendor/laravel/framework/src/Illuminate/Container/BoundMethod.php(37): Illuminate\\Container\\BoundMethod::callBoundMethod(Object(Illuminate\\Foundation\\Application), Object(Closure), Object(Closure))
#15 /Users/isra/Documents/dev/php/trialapp/vendor/laravel/framework/src/Illuminate/Container/Container.php(653): Illuminate\\Container\\BoundMethod::call(Object(Illuminate\\Foundation\\Application), Object(Closure), Array, NULL)
#16 /Users/isra/Documents/dev/php/trialapp/vendor/laravel/framework/src/Illuminate/Support/ServiceProvider.php(119): Illuminate\\Container\\Container->call(Object(Closure))
#17 /Users/isra/Documents/dev/php/trialapp/vendor/laravel/framework/src/Illuminate/Foundation/Application.php(931): Illuminate\\Support\\ServiceProvider->callBootedCallbacks()
#18 /Users/isra/Documents/dev/php/trialapp/vendor/laravel/framework/src/Illuminate/Foundation/Application.php(909): Illuminate\\Foundation\\Application->bootProvider(Object(App\\Providers\\RouteServiceProvider))
#19 [internal function]: Illuminate\\Foundation\\Application->Illuminate\\Foundation\\{closure}(Object(App\\Providers\\RouteServiceProvider), 22)
#20 /Users/isra/Documents/dev/php/trialapp/vendor/laravel/framework/src/Illuminate/Foundation/Application.php(910): array_walk(Array, Object(Closure))
#21 /Users/isra/Documents/dev/php/trialapp/vendor/laravel/framework/src/Illuminate/Foundation/Bootstrap/BootProviders.php(17): Illuminate\\Foundation\\Application->boot()
#22 /Users/isra/Documents/dev/php/trialapp/vendor/laravel/framework/src/Illuminate/Foundation/Application.php(239): Illuminate\\Foundation\\Bootstrap\\BootProviders->bootstrap(Object(Illuminate\\Foundation\\Application))
#23 /Users/isra/Documents/dev/php/trialapp/vendor/laravel/framework/src/Illuminate/Foundation/Console/Kernel.php(310): Illuminate\\Foundation\\Application->bootstrapWith(Array)
#24 /Users/isra/Documents/dev/php/trialapp/vendor/laravel/framework/src/Illuminate/Foundation/Console/Kernel.php(127): Illuminate\\Foundation\\Console\\Kernel->bootstrap()
#25 /Users/isra/Documents/dev/php/trialapp/artisan(37): Illuminate\\Foundation\\Console\\Kernel->handle(Object(Symfony\\Component\\Console\\Input\\ArgvInput), Object(Symfony\\Component\\Console\\Output\\ConsoleOutput))
#26 {main}
"} 
[2022-05-29 17:31:12] local.ERROR: Target class [SynopsisController] does not exist. {"exception":"[object] (Illuminate\\Contracts\\Container\\BindingResolutionException(code: 0): Target class [SynopsisController] does not exist. at /Users/isra/Documents/dev/php/library/vendor/laravel/framework/src/Illuminate/Container/Container.php:879)
[stacktrace]
#0 /Users/isra/Documents/dev/php/library/vendor/laravel/framework/src/Illuminate/Container/Container.php(758): Illuminate\\Container\\Container->build('SynopsisControl...')
#1 /Users/isra/Documents/dev/php/library/vendor/laravel/framework/src/Illuminate/Foundation/Application.php(855): Illuminate\\Container\\Container->resolve('SynopsisControl...', Array, true)
#2 /Users/isra/Documents/dev/php/library/vendor/laravel/framework/src/Illuminate/Container/Container.php(694): Illuminate\\Foundation\\Application->resolve('SynopsisControl...', Array)
#3 /Users/isra/Documents/dev/php/library/vendor/laravel/framework/src/Illuminate/Foundation/Application.php(840): Illuminate\\Container\\Container->make('SynopsisControl...', Array)
#4 /Users/isra/Documents/dev/php/library/vendor/laravel/framework/src/Illuminate/Routing/Route.php(275): Illuminate\\Foundation\\Application->make('SynopsisControl...')
#5 /Users/isra/Documents/dev/php/library/vendor/laravel/framework/src/Illuminate/Routing/Route.php(1081): Illuminate\\Routing\\Route->getController()
#6 /Users/isra/Documents/dev/php/library/vendor/laravel/framework/src/Illuminate/Routing/Route.php(1024): Illuminate\\Routing\\Route->controllerMiddleware()
#7 /Users/isra/Documents/dev/php/library/vendor/laravel/framework/src/Illuminate/Routing/Router.php(741): Illuminate\\Routing\\Route->gatherMiddleware()
#8 /Users/isra/Documents/dev/php/library/vendor/laravel/framework/src/Illuminate/Routing/Router.php(721): Illuminate\\Routing\\Router->gatherRouteMiddleware(Object(Illuminate\\Routing\\Route))
#9 /Users/isra/Documents/dev/php/library/vendor/laravel/framework/src/Illuminate/Routing/Router.php(705): Illuminate\\Routing\\Router->runRouteWithinStack(Object(Illuminate\\Routing\\Route), Object(Illuminate\\Http\\Request))
#10 /Users/isra/Documents/dev/php/library/vendor/laravel/framework/src/Illuminate/Routing/Router.php(667): Illuminate\\Routing\\Router->runRoute(Object(Illuminate\\Http\\Request), Object(Illuminate\\Routing\\Route))
#11 /Users/isra/Documents/dev/php/library/vendor/laravel/framework/src/Illuminate/Routing/Router.php(656): Illuminate\\Routing\\Router->dispatchToRoute(Object(Illuminate\\Http\\Request))
#12 /Users/isra/Documents/dev/php/library/vendor/laravel/framework/src/Illuminate/Foundation/Http/Kernel.php(167): Illuminate\\Routing\\Router->dispatch(Object(Illuminate\\Http\\Request))
#13 /Users/isra/Documents/dev/php/library/vendor/laravel/framework/src/Illuminate/Pipeline/Pipeline.php(141): Illuminate\\Foundation\\Http\\Kernel->Illuminate\\Foundation\\Http\\{closure}(Object(Illuminate\\Http\\Request))
#14 /Users/isra/Documents/dev/php/library/vendor/laravel/framework/src/Illuminate/Foundation/Http/Middleware/TransformsRequest.php(21): Illuminate\\Pipeline\\Pipeline->Illuminate\\Pipeline\\{closure}(Object(Illuminate\\Http\\Request))
#15 /Users/isra/Documents/dev/php/library/vendor/laravel/framework/src/Illuminate/Foundation/Http/Middleware/ConvertEmptyStringsToNull.php(31): Illuminate\\Foundation\\Http\\Middleware\\TransformsRequest->handle(Object(Illuminate\\Http\\Request), Object(Closure))
#16 /Users/isra/Documents/dev/php/library/vendor/laravel/framework/src/Illuminate/Pipeline/Pipeline.php(180): Illuminate\\Foundation\\Http\\Middleware\\ConvertEmptyStringsToNull->handle(Object(Illuminate\\Http\\Request), Object(Closure))
#17 /Users/isra/Documents/dev/php/library/vendor/laravel/framework/src/Illuminate/Foundation/Http/Middleware/TransformsRequest.php(21): Illuminate\\Pipeline\\Pipeline->Illuminate\\Pipeline\\{closure}(Object(Illuminate\\Http\\Request))
#18 /Users/isra/Documents/dev/php/library/vendor/laravel/framework/src/Illuminate/Foundation/Http/Middleware/TrimStrings.php(40): Illuminate\\Foundation\\Http\\Middleware\\TransformsRequest->handle(Object(Illuminate\\Http\\Request), Object(Closure))
#19 /Users/isra/Documents/dev/php/library/vendor/laravel/framework/src/Illuminate/Pipeline/Pipeline.php(180): Illuminate\\Foundation\\Http\\Middleware\\TrimStrings->handle(Object(Illuminate\\Http\\Request), Object(Closure))
#20 /Users/isra/Documents/dev/php/library/vendor/laravel/framework/src/Illuminate/Foundation/Http/Middleware/ValidatePostSize.php(27): Illuminate\\Pipeline\\Pipeline->Illuminate\\Pipeline\\{closure}(Object(Illuminate\\Http\\Request))
#21 /Users/isra/Documents/dev/php/library/vendor/laravel/framework/src/Illuminate/Pipeline/Pipeline.php(180): Illuminate\\Foundation\\Http\\Middleware\\ValidatePostSize->handle(Object(Illuminate\\Http\\Request), Object(Closure))
#22 /Users/isra/Documents/dev/php/library/vendor/laravel/framework/src/Illuminate/Foundation/Http/Middleware/PreventRequestsDuringMaintenance.php(86): Illuminate\\Pipeline\\Pipeline->Illuminate\\Pipeline\\{closure}(Object(Illuminate\\Http\\Request))
#23 /Users/isra/Documents/dev/php/library/vendor/laravel/framework/src/Illuminate/Pipeline/Pipeline.php(180): Illuminate\\Foundation\\Http\\Middleware\\PreventRequestsDuringMaintenance->handle(Object(Illuminate\\Http\\Request), Object(Closure))
#24 /Users/isra/Documents/dev/php/library/vendor/laravel/framework/src/Illuminate/Http/Middleware/HandleCors.php(49): Illuminate\\Pipeline\\Pipeline->Illuminate\\Pipeline\\{closure}(Object(Illuminate\\Http\\Request))
#25 /Users/isra/Documents/dev/php/library/vendor/laravel/framework/src/Illuminate/Pipeline/Pipeline.php(180): Illuminate\\Http\\Middleware\\HandleCors->handle(Object(Illuminate\\Http\\Request), Object(Closure))
#26 /Users/isra/Documents/dev/php/library/vendor/laravel/framework/src/Illuminate/Http/Middleware/TrustProxies.php(39): Illuminate\\Pipeline\\Pipeline->Illuminate\\Pipeline\\{closure}(Object(Illuminate\\Http\\Request))
#27 /Users/isra/Documents/dev/php/library/vendor/laravel/framework/src/Illuminate/Pipeline/Pipeline.php(180): Illuminate\\Http\\Middleware\\TrustProxies->handle(Object(Illuminate\\Http\\Request), Object(Closure))
#28 /Users/isra/Documents/dev/php/library/vendor/laravel/framework/src/Illuminate/Pipeline/Pipeline.php(116): Illuminate\\Pipeline\\Pipeline->Illuminate\\Pipeline\\{closure}(Object(Illuminate\\Http\\Request))
#29 /Users/isra/Documents/dev/php/library/vendor/laravel/framework/src/Illuminate/Foundation/Http/Kernel.php(142): Illuminate\\Pipeline\\Pipeline->then(Object(Closure))
#30 /Users/isra/Documents/dev/php/library/vendor/laravel/framework/src/Illuminate/Foundation/Http/Kernel.php(111): Illuminate\\Foundation\\Http\\Kernel->sendRequestThroughRouter(Object(Illuminate\\Http\\Request))
#31 /Users/isra/Documents/dev/php/library/public/index.php(52): Illuminate\\Foundation\\Http\\Kernel->handle(Object(Illuminate\\Http\\Request))
#32 /Users/isra/Documents/dev/php/library/vendor/laravel/framework/src/Illuminate/Foundation/resources/server.php(16): require_once('/Users/isra/Doc...')
#33 {main}

[previous exception] [object] (ReflectionException(code: -1): Class \"SynopsisController\" does not exist at /Users/isra/Documents/dev/php/library/vendor/laravel/framework/src/Illuminate/Container/Container.php:877)
[stacktrace]
#0 /Users/isra/Documents/dev/php/library/vendor/laravel/framework/src/Illuminate/Container/Container.php(877): ReflectionClass->__construct('SynopsisControl...')
#1 /Users/isra/Documents/dev/php/library/vendor/laravel/framework/src/Illuminate/Container/Container.php(758): Illuminate\\Container\\Container->build('SynopsisControl...')
#2 /Users/isra/Documents/dev/php/library/vendor/laravel/framework/src/Illuminate/Foundation/Application.php(855): Illuminate\\Container\\Container->resolve('SynopsisControl...', Array, true)
#3 /Users/isra/Documents/dev/php/library/vendor/laravel/framework/src/Illuminate/Container/Container.php(694): Illuminate\\Foundation\\Application->resolve('SynopsisControl...', Array)
#4 /Users/isra/Documents/dev/php/library/vendor/laravel/framework/src/Illuminate/Foundation/Application.php(840): Illuminate\\Container\\Container->make('SynopsisControl...', Array)
#5 /Users/isra/Documents/dev/php/library/vendor/laravel/framework/src/Illuminate/Routing/Route.php(275): Illuminate\\Foundation\\Application->make('SynopsisControl...')
#6 /Users/isra/Documents/dev/php/library/vendor/laravel/framework/src/Illuminate/Routing/Route.php(1081): Illuminate\\Routing\\Route->getController()
#7 /Users/isra/Documents/dev/php/library/vendor/laravel/framework/src/Illuminate/Routing/Route.php(1024): Illuminate\\Routing\\Route->controllerMiddleware()
#8 /Users/isra/Documents/dev/php/library/vendor/laravel/framework/src/Illuminate/Routing/Router.php(741): Illuminate\\Routing\\Route->gatherMiddleware()
#9 /Users/isra/Documents/dev/php/library/vendor/laravel/framework/src/Illuminate/Routing/Router.php(721): Illuminate\\Routing\\Router->gatherRouteMiddleware(Object(Illuminate\\Routing\\Route))
#10 /Users/isra/Documents/dev/php/library/vendor/laravel/framework/src/Illuminate/Routing/Router.php(705): Illuminate\\Routing\\Router->runRouteWithinStack(Object(Illuminate\\Routing\\Route), Object(Illuminate\\Http\\Request))
#11 /Users/isra/Documents/dev/php/library/vendor/laravel/framework/src/Illuminate/Routing/Router.php(667): Illuminate\\Routing\\Router->runRoute(Object(Illuminate\\Http\\Request), Object(Illuminate\\Routing\\Route))
#12 /Users/isra/Documents/dev/php/library/vendor/laravel/framework/src/Illuminate/Routing/Router.php(656): Illuminate\\Routing\\Router->dispatchToRoute(Object(Illuminate\\Http\\Request))
#13 /Users/isra/Documents/dev/php/library/vendor/laravel/framework/src/Illuminate/Foundation/Http/Kernel.php(167): Illuminate\\Routing\\Router->dispatch(Object(Illuminate\\Http\\Request))
#14 /Users/isra/Documents/dev/php/library/vendor/laravel/framework/src/Illuminate/Pipeline/Pipeline.php(141): Illuminate\\Foundation\\Http\\Kernel->Illuminate\\Foundation\\Http\\{closure}(Object(Illuminate\\Http\\Request))
#15 /Users/isra/Documents/dev/php/library/vendor/laravel/framework/src/Illuminate/Foundation/Http/Middleware/TransformsRequest.php(21): Illuminate\\Pipeline\\Pipeline->Illuminate\\Pipeline\\{closure}(Object(Illuminate\\Http\\Request))
#16 /Users/isra/Documents/dev/php/library/vendor/laravel/framework/src/Illuminate/Foundation/Http/Middleware/ConvertEmptyStringsToNull.php(31): Illuminate\\Foundation\\Http\\Middleware\\TransformsRequest->handle(Object(Illuminate\\Http\\Request), Object(Closure))
#17 /Users/isra/Documents/dev/php/library/vendor/laravel/framework/src/Illuminate/Pipeline/Pipeline.php(180): Illuminate\\Foundation\\Http\\Middleware\\ConvertEmptyStringsToNull->handle(Object(Illuminate\\Http\\Request), Object(Closure))
#18 /Users/isra/Documents/dev/php/library/vendor/laravel/framework/src/Illuminate/Foundation/Http/Middleware/TransformsRequest.php(21): Illuminate\\Pipeline\\Pipeline->Illuminate\\Pipeline\\{closure}(Object(Illuminate\\Http\\Request))
#19 /Users/isra/Documents/dev/php/library/vendor/laravel/framework/src/Illuminate/Foundation/Http/Middleware/TrimStrings.php(40): Illuminate\\Foundation\\Http\\Middleware\\TransformsRequest->handle(Object(Illuminate\\Http\\Request), Object(Closure))
#20 /Users/isra/Documents/dev/php/library/vendor/laravel/framework/src/Illuminate/Pipeline/Pipeline.php(180): Illuminate\\Foundation\\Http\\Middleware\\TrimStrings->handle(Object(Illuminate\\Http\\Request), Object(Closure))
#21 /Users/isra/Documents/dev/php/library/vendor/laravel/framework/src/Illuminate/Foundation/Http/Middleware/ValidatePostSize.php(27): Illuminate\\Pipeline\\Pipeline->Illuminate\\Pipeline\\{closure}(Object(Illuminate\\Http\\Request))
#22 /Users/isra/Documents/dev/php/library/vendor/laravel/framework/src/Illuminate/Pipeline/Pipeline.php(180): Illuminate\\Foundation\\Http\\Middleware\\ValidatePostSize->handle(Object(Illuminate\\Http\\Request), Object(Closure))
#23 /Users/isra/Documents/dev/php/library/vendor/laravel/framework/src/Illuminate/Foundation/Http/Middleware/PreventRequestsDuringMaintenance.php(86): Illuminate\\Pipeline\\Pipeline->Illuminate\\Pipeline\\{closure}(Object(Illuminate\\Http\\Request))
#24 /Users/isra/Documents/dev/php/library/vendor/laravel/framework/src/Illuminate/Pipeline/Pipeline.php(180): Illuminate\\Foundation\\Http\\Middleware\\PreventRequestsDuringMaintenance->handle(Object(Illuminate\\Http\\Request), Object(Closure))
#25 /Users/isra/Documents/dev/php/library/vendor/laravel/framework/src/Illuminate/Http/Middleware/HandleCors.php(49): Illuminate\\Pipeline\\Pipeline->Illuminate\\Pipeline\\{closure}(Object(Illuminate\\Http\\Request))
#26 /Users/isra/Documents/dev/php/library/vendor/laravel/framework/src/Illuminate/Pipeline/Pipeline.php(180): Illuminate\\Http\\Middleware\\HandleCors->handle(Object(Illuminate\\Http\\Request), Object(Closure))
#27 /Users/isra/Documents/dev/php/library/vendor/laravel/framework/src/Illuminate/Http/Middleware/TrustProxies.php(39): Illuminate\\Pipeline\\Pipeline->Illuminate\\Pipeline\\{closure}(Object(Illuminate\\Http\\Request))
#28 /Users/isra/Documents/dev/php/library/vendor/laravel/framework/src/Illuminate/Pipeline/Pipeline.php(180): Illuminate\\Http\\Middleware\\TrustProxies->handle(Object(Illuminate\\Http\\Request), Object(Closure))
#29 /Users/isra/Documents/dev/php/library/vendor/laravel/framework/src/Illuminate/Pipeline/Pipeline.php(116): Illuminate\\Pipeline\\Pipeline->Illuminate\\Pipeline\\{closure}(Object(Illuminate\\Http\\Request))
#30 /Users/isra/Documents/dev/php/library/vendor/laravel/framework/src/Illuminate/Foundation/Http/Kernel.php(142): Illuminate\\Pipeline\\Pipeline->then(Object(Closure))
#31 /Users/isra/Documents/dev/php/library/vendor/laravel/framework/src/Illuminate/Foundation/Http/Kernel.php(111): Illuminate\\Foundation\\Http\\Kernel->sendRequestThroughRouter(Object(Illuminate\\Http\\Request))
#32 /Users/isra/Documents/dev/php/library/public/index.php(52): Illuminate\\Foundation\\Http\\Kernel->handle(Object(Illuminate\\Http\\Request))
#33 /Users/isra/Documents/dev/php/library/vendor/laravel/framework/src/Illuminate/Foundation/resources/server.php(16): require_once('/Users/isra/Doc...')
#34 {main}
"} 
[2022-05-29 17:40:13] local.ERROR: Target class [SynopsisController] does not exist. {"exception":"[object] (Illuminate\\Contracts\\Container\\BindingResolutionException(code: 0): Target class [SynopsisController] does not exist. at /Users/isra/Documents/dev/php/library/vendor/laravel/framework/src/Illuminate/Container/Container.php:879)
[stacktrace]
#0 /Users/isra/Documents/dev/php/library/vendor/laravel/framework/src/Illuminate/Container/Container.php(758): Illuminate\\Container\\Container->build('SynopsisControl...')
#1 /Users/isra/Documents/dev/php/library/vendor/laravel/framework/src/Illuminate/Foundation/Application.php(855): Illuminate\\Container\\Container->resolve('SynopsisControl...', Array, true)
#2 /Users/isra/Documents/dev/php/library/vendor/laravel/framework/src/Illuminate/Container/Container.php(694): Illuminate\\Foundation\\Application->resolve('SynopsisControl...', Array)
#3 /Users/isra/Documents/dev/php/library/vendor/laravel/framework/src/Illuminate/Foundation/Application.php(840): Illuminate\\Container\\Container->make('SynopsisControl...', Array)
#4 /Users/isra/Documents/dev/php/library/vendor/laravel/framework/src/Illuminate/Routing/Route.php(275): Illuminate\\Foundation\\Application->make('SynopsisControl...')
#5 /Users/isra/Documents/dev/php/library/vendor/laravel/framework/src/Illuminate/Routing/Route.php(1081): Illuminate\\Routing\\Route->getController()
#6 /Users/isra/Documents/dev/php/library/vendor/laravel/framework/src/Illuminate/Routing/Route.php(1024): Illuminate\\Routing\\Route->controllerMiddleware()
#7 /Users/isra/Documents/dev/php/library/vendor/laravel/framework/src/Illuminate/Routing/Router.php(741): Illuminate\\Routing\\Route->gatherMiddleware()
#8 /Users/isra/Documents/dev/php/library/vendor/laravel/framework/src/Illuminate/Routing/Router.php(721): Illuminate\\Routing\\Router->gatherRouteMiddleware(Object(Illuminate\\Routing\\Route))
#9 /Users/isra/Documents/dev/php/library/vendor/laravel/framework/src/Illuminate/Routing/Router.php(705): Illuminate\\Routing\\Router->runRouteWithinStack(Object(Illuminate\\Routing\\Route), Object(Illuminate\\Http\\Request))
#10 /Users/isra/Documents/dev/php/library/vendor/laravel/framework/src/Illuminate/Routing/Router.php(667): Illuminate\\Routing\\Router->runRoute(Object(Illuminate\\Http\\Request), Object(Illuminate\\Routing\\Route))
#11 /Users/isra/Documents/dev/php/library/vendor/laravel/framework/src/Illuminate/Routing/Router.php(656): Illuminate\\Routing\\Router->dispatchToRoute(Object(Illuminate\\Http\\Request))
#12 /Users/isra/Documents/dev/php/library/vendor/laravel/framework/src/Illuminate/Foundation/Http/Kernel.php(167): Illuminate\\Routing\\Router->dispatch(Object(Illuminate\\Http\\Request))
#13 /Users/isra/Documents/dev/php/library/vendor/laravel/framework/src/Illuminate/Pipeline/Pipeline.php(141): Illuminate\\Foundation\\Http\\Kernel->Illuminate\\Foundation\\Http\\{closure}(Object(Illuminate\\Http\\Request))
#14 /Users/isra/Documents/dev/php/library/vendor/laravel/framework/src/Illuminate/Foundation/Http/Middleware/TransformsRequest.php(21): Illuminate\\Pipeline\\Pipeline->Illuminate\\Pipeline\\{closure}(Object(Illuminate\\Http\\Request))
#15 /Users/isra/Documents/dev/php/library/vendor/laravel/framework/src/Illuminate/Foundation/Http/Middleware/ConvertEmptyStringsToNull.php(31): Illuminate\\Foundation\\Http\\Middleware\\TransformsRequest->handle(Object(Illuminate\\Http\\Request), Object(Closure))
#16 /Users/isra/Documents/dev/php/library/vendor/laravel/framework/src/Illuminate/Pipeline/Pipeline.php(180): Illuminate\\Foundation\\Http\\Middleware\\ConvertEmptyStringsToNull->handle(Object(Illuminate\\Http\\Request), Object(Closure))
#17 /Users/isra/Documents/dev/php/library/vendor/laravel/framework/src/Illuminate/Foundation/Http/Middleware/TransformsRequest.php(21): Illuminate\\Pipeline\\Pipeline->Illuminate\\Pipeline\\{closure}(Object(Illuminate\\Http\\Request))
#18 /Users/isra/Documents/dev/php/library/vendor/laravel/framework/src/Illuminate/Foundation/Http/Middleware/TrimStrings.php(40): Illuminate\\Foundation\\Http\\Middleware\\TransformsRequest->handle(Object(Illuminate\\Http\\Request), Object(Closure))
#19 /Users/isra/Documents/dev/php/library/vendor/laravel/framework/src/Illuminate/Pipeline/Pipeline.php(180): Illuminate\\Foundation\\Http\\Middleware\\TrimStrings->handle(Object(Illuminate\\Http\\Request), Object(Closure))
#20 /Users/isra/Documents/dev/php/library/vendor/laravel/framework/src/Illuminate/Foundation/Http/Middleware/ValidatePostSize.php(27): Illuminate\\Pipeline\\Pipeline->Illuminate\\Pipeline\\{closure}(Object(Illuminate\\Http\\Request))
#21 /Users/isra/Documents/dev/php/library/vendor/laravel/framework/src/Illuminate/Pipeline/Pipeline.php(180): Illuminate\\Foundation\\Http\\Middleware\\ValidatePostSize->handle(Object(Illuminate\\Http\\Request), Object(Closure))
#22 /Users/isra/Documents/dev/php/library/vendor/laravel/framework/src/Illuminate/Foundation/Http/Middleware/PreventRequestsDuringMaintenance.php(86): Illuminate\\Pipeline\\Pipeline->Illuminate\\Pipeline\\{closure}(Object(Illuminate\\Http\\Request))
#23 /Users/isra/Documents/dev/php/library/vendor/laravel/framework/src/Illuminate/Pipeline/Pipeline.php(180): Illuminate\\Foundation\\Http\\Middleware\\PreventRequestsDuringMaintenance->handle(Object(Illuminate\\Http\\Request), Object(Closure))
#24 /Users/isra/Documents/dev/php/library/vendor/laravel/framework/src/Illuminate/Http/Middleware/HandleCors.php(49): Illuminate\\Pipeline\\Pipeline->Illuminate\\Pipeline\\{closure}(Object(Illuminate\\Http\\Request))
#25 /Users/isra/Documents/dev/php/library/vendor/laravel/framework/src/Illuminate/Pipeline/Pipeline.php(180): Illuminate\\Http\\Middleware\\HandleCors->handle(Object(Illuminate\\Http\\Request), Object(Closure))
#26 /Users/isra/Documents/dev/php/library/vendor/laravel/framework/src/Illuminate/Http/Middleware/TrustProxies.php(39): Illuminate\\Pipeline\\Pipeline->Illuminate\\Pipeline\\{closure}(Object(Illuminate\\Http\\Request))
#27 /Users/isra/Documents/dev/php/library/vendor/laravel/framework/src/Illuminate/Pipeline/Pipeline.php(180): Illuminate\\Http\\Middleware\\TrustProxies->handle(Object(Illuminate\\Http\\Request), Object(Closure))
#28 /Users/isra/Documents/dev/php/library/vendor/laravel/framework/src/Illuminate/Pipeline/Pipeline.php(116): Illuminate\\Pipeline\\Pipeline->Illuminate\\Pipeline\\{closure}(Object(Illuminate\\Http\\Request))
#29 /Users/isra/Documents/dev/php/library/vendor/laravel/framework/src/Illuminate/Foundation/Http/Kernel.php(142): Illuminate\\Pipeline\\Pipeline->then(Object(Closure))
#30 /Users/isra/Documents/dev/php/library/vendor/laravel/framework/src/Illuminate/Foundation/Http/Kernel.php(111): Illuminate\\Foundation\\Http\\Kernel->sendRequestThroughRouter(Object(Illuminate\\Http\\Request))
#31 /Users/isra/Documents/dev/php/library/public/index.php(52): Illuminate\\Foundation\\Http\\Kernel->handle(Object(Illuminate\\Http\\Request))
#32 /Users/isra/Documents/dev/php/library/vendor/laravel/framework/src/Illuminate/Foundation/resources/server.php(16): require_once('/Users/isra/Doc...')
#33 {main}

[previous exception] [object] (ReflectionException(code: -1): Class \"SynopsisController\" does not exist at /Users/isra/Documents/dev/php/library/vendor/laravel/framework/src/Illuminate/Container/Container.php:877)
[stacktrace]
#0 /Users/isra/Documents/dev/php/library/vendor/laravel/framework/src/Illuminate/Container/Container.php(877): ReflectionClass->__construct('SynopsisControl...')
#1 /Users/isra/Documents/dev/php/library/vendor/laravel/framework/src/Illuminate/Container/Container.php(758): Illuminate\\Container\\Container->build('SynopsisControl...')
#2 /Users/isra/Documents/dev/php/library/vendor/laravel/framework/src/Illuminate/Foundation/Application.php(855): Illuminate\\Container\\Container->resolve('SynopsisControl...', Array, true)
#3 /Users/isra/Documents/dev/php/library/vendor/laravel/framework/src/Illuminate/Container/Container.php(694): Illuminate\\Foundation\\Application->resolve('SynopsisControl...', Array)
#4 /Users/isra/Documents/dev/php/library/vendor/laravel/framework/src/Illuminate/Foundation/Application.php(840): Illuminate\\Container\\Container->make('SynopsisControl...', Array)
#5 /Users/isra/Documents/dev/php/library/vendor/laravel/framework/src/Illuminate/Routing/Route.php(275): Illuminate\\Foundation\\Application->make('SynopsisControl...')
#6 /Users/isra/Documents/dev/php/library/vendor/laravel/framework/src/Illuminate/Routing/Route.php(1081): Illuminate\\Routing\\Route->getController()
#7 /Users/isra/Documents/dev/php/library/vendor/laravel/framework/src/Illuminate/Routing/Route.php(1024): Illuminate\\Routing\\Route->controllerMiddleware()
#8 /Users/isra/Documents/dev/php/library/vendor/laravel/framework/src/Illuminate/Routing/Router.php(741): Illuminate\\Routing\\Route->gatherMiddleware()
#9 /Users/isra/Documents/dev/php/library/vendor/laravel/framework/src/Illuminate/Routing/Router.php(721): Illuminate\\Routing\\Router->gatherRouteMiddleware(Object(Illuminate\\Routing\\Route))
#10 /Users/isra/Documents/dev/php/library/vendor/laravel/framework/src/Illuminate/Routing/Router.php(705): Illuminate\\Routing\\Router->runRouteWithinStack(Object(Illuminate\\Routing\\Route), Object(Illuminate\\Http\\Request))
#11 /Users/isra/Documents/dev/php/library/vendor/laravel/framework/src/Illuminate/Routing/Router.php(667): Illuminate\\Routing\\Router->runRoute(Object(Illuminate\\Http\\Request), Object(Illuminate\\Routing\\Route))
#12 /Users/isra/Documents/dev/php/library/vendor/laravel/framework/src/Illuminate/Routing/Router.php(656): Illuminate\\Routing\\Router->dispatchToRoute(Object(Illuminate\\Http\\Request))
#13 /Users/isra/Documents/dev/php/library/vendor/laravel/framework/src/Illuminate/Foundation/Http/Kernel.php(167): Illuminate\\Routing\\Router->dispatch(Object(Illuminate\\Http\\Request))
#14 /Users/isra/Documents/dev/php/library/vendor/laravel/framework/src/Illuminate/Pipeline/Pipeline.php(141): Illuminate\\Foundation\\Http\\Kernel->Illuminate\\Foundation\\Http\\{closure}(Object(Illuminate\\Http\\Request))
#15 /Users/isra/Documents/dev/php/library/vendor/laravel/framework/src/Illuminate/Foundation/Http/Middleware/TransformsRequest.php(21): Illuminate\\Pipeline\\Pipeline->Illuminate\\Pipeline\\{closure}(Object(Illuminate\\Http\\Request))
#16 /Users/isra/Documents/dev/php/library/vendor/laravel/framework/src/Illuminate/Foundation/Http/Middleware/ConvertEmptyStringsToNull.php(31): Illuminate\\Foundation\\Http\\Middleware\\TransformsRequest->handle(Object(Illuminate\\Http\\Request), Object(Closure))
#17 /Users/isra/Documents/dev/php/library/vendor/laravel/framework/src/Illuminate/Pipeline/Pipeline.php(180): Illuminate\\Foundation\\Http\\Middleware\\ConvertEmptyStringsToNull->handle(Object(Illuminate\\Http\\Request), Object(Closure))
#18 /Users/isra/Documents/dev/php/library/vendor/laravel/framework/src/Illuminate/Foundation/Http/Middleware/TransformsRequest.php(21): Illuminate\\Pipeline\\Pipeline->Illuminate\\Pipeline\\{closure}(Object(Illuminate\\Http\\Request))
#19 /Users/isra/Documents/dev/php/library/vendor/laravel/framework/src/Illuminate/Foundation/Http/Middleware/TrimStrings.php(40): Illuminate\\Foundation\\Http\\Middleware\\TransformsRequest->handle(Object(Illuminate\\Http\\Request), Object(Closure))
#20 /Users/isra/Documents/dev/php/library/vendor/laravel/framework/src/Illuminate/Pipeline/Pipeline.php(180): Illuminate\\Foundation\\Http\\Middleware\\TrimStrings->handle(Object(Illuminate\\Http\\Request), Object(Closure))
#21 /Users/isra/Documents/dev/php/library/vendor/laravel/framework/src/Illuminate/Foundation/Http/Middleware/ValidatePostSize.php(27): Illuminate\\Pipeline\\Pipeline->Illuminate\\Pipeline\\{closure}(Object(Illuminate\\Http\\Request))
#22 /Users/isra/Documents/dev/php/library/vendor/laravel/framework/src/Illuminate/Pipeline/Pipeline.php(180): Illuminate\\Foundation\\Http\\Middleware\\ValidatePostSize->handle(Object(Illuminate\\Http\\Request), Object(Closure))
#23 /Users/isra/Documents/dev/php/library/vendor/laravel/framework/src/Illuminate/Foundation/Http/Middleware/PreventRequestsDuringMaintenance.php(86): Illuminate\\Pipeline\\Pipeline->Illuminate\\Pipeline\\{closure}(Object(Illuminate\\Http\\Request))
#24 /Users/isra/Documents/dev/php/library/vendor/laravel/framework/src/Illuminate/Pipeline/Pipeline.php(180): Illuminate\\Foundation\\Http\\Middleware\\PreventRequestsDuringMaintenance->handle(Object(Illuminate\\Http\\Request), Object(Closure))
#25 /Users/isra/Documents/dev/php/library/vendor/laravel/framework/src/Illuminate/Http/Middleware/HandleCors.php(49): Illuminate\\Pipeline\\Pipeline->Illuminate\\Pipeline\\{closure}(Object(Illuminate\\Http\\Request))
#26 /Users/isra/Documents/dev/php/library/vendor/laravel/framework/src/Illuminate/Pipeline/Pipeline.php(180): Illuminate\\Http\\Middleware\\HandleCors->handle(Object(Illuminate\\Http\\Request), Object(Closure))
#27 /Users/isra/Documents/dev/php/library/vendor/laravel/framework/src/Illuminate/Http/Middleware/TrustProxies.php(39): Illuminate\\Pipeline\\Pipeline->Illuminate\\Pipeline\\{closure}(Object(Illuminate\\Http\\Request))
#28 /Users/isra/Documents/dev/php/library/vendor/laravel/framework/src/Illuminate/Pipeline/Pipeline.php(180): Illuminate\\Http\\Middleware\\TrustProxies->handle(Object(Illuminate\\Http\\Request), Object(Closure))
#29 /Users/isra/Documents/dev/php/library/vendor/laravel/framework/src/Illuminate/Pipeline/Pipeline.php(116): Illuminate\\Pipeline\\Pipeline->Illuminate\\Pipeline\\{closure}(Object(Illuminate\\Http\\Request))
#30 /Users/isra/Documents/dev/php/library/vendor/laravel/framework/src/Illuminate/Foundation/Http/Kernel.php(142): Illuminate\\Pipeline\\Pipeline->then(Object(Closure))
#31 /Users/isra/Documents/dev/php/library/vendor/laravel/framework/src/Illuminate/Foundation/Http/Kernel.php(111): Illuminate\\Foundation\\Http\\Kernel->sendRequestThroughRouter(Object(Illuminate\\Http\\Request))
#32 /Users/isra/Documents/dev/php/library/public/index.php(52): Illuminate\\Foundation\\Http\\Kernel->handle(Object(Illuminate\\Http\\Request))
#33 /Users/isra/Documents/dev/php/library/vendor/laravel/framework/src/Illuminate/Foundation/resources/server.php(16): require_once('/Users/isra/Doc...')
#34 {main}
"} 
